<?xml version="1.0" encoding="UTF-8"?>
<coverage generated="1778103447062" clover="3.2.0">
  <project timestamp="1778103447062" name="All files">
    <metrics statements="166" coveredstatements="151" conditionals="154" coveredconditionals="139" methods="57" coveredmethods="51" elements="377" coveredelements="341" complexity="0" loc="166" ncloc="166" packages="4" files="5" classes="5"/>
    <package name="constants">
      <metrics statements="2" coveredstatements="2" conditionals="0" coveredconditionals="0" methods="0" coveredmethods="0"/>
      <file name="storage.js" path="/Users/home/projects/spengo/src/constants/storage.js">
        <metrics statements="2" coveredstatements="2" conditionals="0" coveredconditionals="0" methods="0" coveredmethods="0"/>
        <line num="1" count="1" type="stmt"/>
        <line num="14" count="1" type="stmt"/>
      </file>
    </package>
    <package name="ui">
      <metrics statements="21" coveredstatements="21" conditionals="11" coveredconditionals="11" methods="9" coveredmethods="9"/>
      <file name="theme.js" path="/Users/home/projects/spengo/src/ui/theme.js">
        <metrics statements="21" coveredstatements="21" conditionals="11" coveredconditionals="11" methods="9" coveredmethods="9"/>
        <line num="4" count="1" type="stmt"/>
        <line num="5" count="1" type="stmt"/>
        <line num="19" count="37" type="cond" truecount="2" falsecount="0"/>
        <line num="27" count="10" type="cond" truecount="2" falsecount="0"/>
        <line num="33" count="1" type="stmt"/>
        <line num="42" count="20" type="stmt"/>
        <line num="51" count="14" type="cond" truecount="2" falsecount="0"/>
        <line num="52" count="13" type="cond" truecount="2" falsecount="0"/>
        <line num="54" count="12" type="stmt"/>
        <line num="56" count="12" type="stmt"/>
        <line num="57" count="12" type="stmt"/>
        <line num="62" count="12" type="stmt"/>
        <line num="69" count="4" type="stmt"/>
        <line num="78" count="6" type="stmt"/>
        <line num="80" count="6" type="stmt"/>
        <line num="81" count="6" type="stmt"/>
        <line num="86" count="6" type="stmt"/>
        <line num="97" count="9" type="stmt"/>
        <line num="98" count="9" type="stmt"/>
        <line num="99" count="10" type="stmt"/>
        <line num="100" count="10" type="cond" truecount="2" falsecount="0"/>
      </file>
    </package>
    <package name="ui.statistics">
      <metrics statements="30" coveredstatements="30" conditionals="21" coveredconditionals="21" methods="15" coveredmethods="15"/>
      <file name="statistics-utils.js" path="/Users/home/projects/spengo/src/ui/statistics/statistics-utils.js">
        <metrics statements="30" coveredstatements="30" conditionals="21" coveredconditionals="21" methods="15" coveredmethods="15"/>
        <line num="8" count="6" type="stmt"/>
        <line num="9" count="6" type="stmt"/>
        <line num="10" count="6" type="cond" truecount="2" falsecount="0"/>
        <line num="11" count="6" type="stmt"/>
        <line num="12" count="6" type="stmt"/>
        <line num="21" count="8" type="stmt"/>
        <line num="22" count="8" type="stmt"/>
        <line num="23" count="8" type="stmt"/>
        <line num="24" count="8" type="stmt"/>
        <line num="34" count="5" type="stmt"/>
        <line num="44" count="3" type="stmt"/>
        <line num="54" count="4" type="stmt"/>
        <line num="59" count="1" type="stmt"/>
        <line num="60" count="1" type="stmt"/>
        <line num="61" count="1" type="stmt"/>
        <line num="73" count="5" type="stmt"/>
        <line num="74" count="35" type="cond" truecount="2" falsecount="0"/>
        <line num="89" count="5" type="stmt"/>
        <line num="90" count="17" type="cond" truecount="2" falsecount="0"/>
        <line num="109" count="9" type="stmt"/>
        <line num="110" count="24" type="cond" truecount="2" falsecount="0"/>
        <line num="111" count="15" type="cond" truecount="2" falsecount="0"/>
        <line num="112" count="9" type="cond" truecount="2" falsecount="0"/>
        <line num="113" count="3" type="stmt"/>
        <line num="133" count="7" type="stmt"/>
        <line num="134" count="12" type="cond" truecount="2" falsecount="0"/>
        <line num="135" count="12" type="stmt"/>
        <line num="137" count="7" type="stmt"/>
        <line num="149" count="8" type="cond" truecount="2" falsecount="0"/>
        <line num="150" count="7" type="stmt"/>
      </file>
    </package>
    <package name="utils">
      <metrics statements="113" coveredstatements="98" conditionals="122" coveredconditionals="107" methods="33" coveredmethods="27"/>
      <file name="helpers.js" path="/Users/home/projects/spengo/src/utils/helpers.js">
        <metrics statements="108" coveredstatements="93" conditionals="114" coveredconditionals="99" methods="28" coveredmethods="22"/>
        <line num="6" count="1" type="stmt"/>
        <line num="14" count="1" type="stmt"/>
        <line num="27" count="4" type="stmt"/>
        <line num="28" count="124" type="stmt"/>
        <line num="29" count="124" type="cond" truecount="2" falsecount="0"/>
        <line num="38" count="2" type="stmt"/>
        <line num="39" count="2" type="stmt"/>
        <line num="40" count="2" type="stmt"/>
        <line num="41" count="2" type="stmt"/>
        <line num="42" count="2" type="stmt"/>
        <line num="55" count="11" type="cond" truecount="2" falsecount="0"/>
        <line num="57" count="8" type="stmt"/>
        <line num="58" count="8" type="stmt"/>
        <line num="59" count="8" type="cond" truecount="1" falsecount="3"/>
        <line num="61" count="8" type="cond" truecount="2" falsecount="0"/>
        <line num="62" count="8" type="cond" truecount="1" falsecount="1"/>
        <line num="64" count="8" type="stmt"/>
        <line num="66" count="1" type="stmt"/>
        <line num="67" count="1" type="stmt"/>
        <line num="77" count="8" type="cond" truecount="4" falsecount="0"/>
        <line num="78" count="2" type="stmt"/>
        <line num="79" count="2" type="stmt"/>
        <line num="81" count="6" type="stmt"/>
        <line num="82" count="6" type="stmt"/>
        <line num="83" count="6" type="stmt"/>
        <line num="88" count="0" type="stmt"/>
        <line num="89" count="0" type="stmt"/>
        <line num="102" count="44" type="cond" truecount="2" falsecount="0"/>
        <line num="104" count="42" type="stmt"/>
        <line num="105" count="42" type="stmt"/>
        <line num="107" count="42" type="cond" truecount="4" falsecount="0"/>
        <line num="109" count="27" type="stmt"/>
        <line num="111" count="7" type="stmt"/>
        <line num="113" count="7" type="stmt"/>
        <line num="115" count="1" type="stmt"/>
        <line num="124" count="8" type="stmt"/>
        <line num="125" count="35" type="stmt"/>
        <line num="126" count="21" type="cond" truecount="2" falsecount="0"/>
        <line num="134" count="0" type="stmt"/>
        <line num="135" count="0" type="stmt"/>
        <line num="136" count="0" type="cond" truecount="0" falsecount="2"/>
        <line num="137" count="0" type="stmt"/>
        <line num="138" count="0" type="stmt"/>
        <line num="146" count="0" type="stmt"/>
        <line num="154" count="0" type="stmt"/>
        <line num="155" count="0" type="cond" truecount="0" falsecount="2"/>
        <line num="156" count="0" type="stmt"/>
        <line num="157" count="0" type="stmt"/>
        <line num="159" count="0" type="stmt"/>
        <line num="167" count="0" type="stmt"/>
        <line num="168" count="0" type="cond" truecount="0" falsecount="2"/>
        <line num="180" count="11" type="stmt"/>
        <line num="181" count="11" type="cond" truecount="1" falsecount="1"/>
        <line num="182" count="11" type="cond" truecount="4" falsecount="0"/>
        <line num="183" count="10" type="stmt"/>
        <line num="184" count="9" type="cond" truecount="2" falsecount="0"/>
        <line num="185" count="7" type="stmt"/>
        <line num="187" count="1" type="stmt"/>
        <line num="199" count="10" type="stmt"/>
        <line num="200" count="6" type="stmt"/>
        <line num="212" count="7" type="cond" truecount="2" falsecount="0"/>
        <line num="216" count="18" type="stmt"/>
        <line num="218" count="7" type="stmt"/>
        <line num="219" count="21" type="cond" truecount="2" falsecount="0"/>
        <line num="220" count="10" type="cond" truecount="4" falsecount="0"/>
        <line num="221" count="10" type="cond" truecount="2" falsecount="0"/>
        <line num="223" count="2" type="stmt"/>
        <line num="226" count="11" type="stmt"/>
        <line num="236" count="39" type="cond" truecount="4" falsecount="0"/>
        <line num="238" count="36" type="stmt"/>
        <line num="241" count="36" type="stmt"/>
        <line num="242" count="36" type="cond" truecount="2" falsecount="0"/>
        <line num="244" count="33" type="stmt"/>
        <line num="245" count="33" type="stmt"/>
        <line num="247" count="33" type="cond" truecount="4" falsecount="0"/>
        <line num="250" count="32" type="cond" truecount="2" falsecount="0"/>
        <line num="251" count="31" type="cond" truecount="2" falsecount="0"/>
        <line num="252" count="30" type="cond" truecount="2" falsecount="0"/>
        <line num="253" count="29" type="cond" truecount="2" falsecount="0"/>
        <line num="255" count="28" type="cond" truecount="2" falsecount="0"/>
        <line num="258" count="27" type="stmt"/>
        <line num="259" count="27" type="cond" truecount="2" falsecount="0"/>
        <line num="261" count="26" type="stmt"/>
        <line num="262" count="26" type="cond" truecount="2" falsecount="0"/>
        <line num="263" count="25" type="cond" truecount="1" falsecount="1"/>
        <line num="265" count="25" type="stmt"/>
        <line num="266" count="50" type="cond" truecount="2" falsecount="0"/>
        <line num="267" count="49" type="cond" truecount="2" falsecount="0"/>
        <line num="268" count="48" type="cond" truecount="2" falsecount="0"/>
        <line num="269" count="47" type="cond" truecount="1" falsecount="1"/>
        <line num="275" count="22" type="stmt"/>
        <line num="285" count="22" type="cond" truecount="2" falsecount="0"/>
        <line num="287" count="14" type="stmt"/>
        <line num="300" count="7" type="cond" truecount="2" falsecount="0"/>
        <line num="301" count="7" type="cond" truecount="3" falsecount="0"/>
        <line num="312" count="6" type="cond" truecount="2" falsecount="0"/>
        <line num="313" count="6" type="cond" truecount="2" falsecount="0"/>
        <line num="332" count="7" type="cond" truecount="2" falsecount="0"/>
        <line num="333" count="6" type="cond" truecount="4" falsecount="0"/>
        <line num="334" count="3" type="stmt"/>
        <line num="347" count="3" type="cond" truecount="2" falsecount="0"/>
        <line num="348" count="2" type="stmt"/>
        <line num="367" count="9" type="stmt"/>
        <line num="369" count="9" type="cond" truecount="2" falsecount="0"/>
        <line num="371" count="7" type="cond" truecount="4" falsecount="0"/>
        <line num="373" count="6" type="stmt"/>
        <line num="374" count="5" type="cond" truecount="2" falsecount="0"/>
        <line num="376" count="3" type="stmt"/>
      </file>
      <file name="renderer.utils.js" path="/Users/home/projects/spengo/src/utils/renderer.utils.js">
        <metrics statements="5" coveredstatements="5" conditionals="8" coveredconditionals="8" methods="5" coveredmethods="5"/>
        <line num="7" count="6" type="cond" truecount="2" falsecount="0"/>
        <line num="16" count="4" type="cond" truecount="2" falsecount="0"/>
        <line num="26" count="4" type="cond" truecount="2" falsecount="0"/>
        <line num="37" count="10" type="cond" truecount="2" falsecount="0"/>
        <line num="48" count="6" type="stmt"/>
      </file>
    </package>
  </project>
</coverage>
