{"/Users/home/projects/spengo/src/constants/storage.js": {"path":"/Users/home/projects/spengo/src/constants/storage.js","statementMap":{"0":{"start":{"line":1,"column":23},"end":{"line":12,"column":1}},"1":{"start":{"line":14,"column":31},"end":{"line":17,"column":1}}},"fnMap":{},"branchMap":{},"s":{"0":1,"1":1},"f":{},"b":{},"_coverageSchema":"1a1c01bbd47fc00a2c39e90264f33305004495a9","hash":"bcae35ffeb3c9e4c0b012533d09d75ded930063a"}
,"/Users/home/projects/spengo/src/ui/theme.js": {"path":"/Users/home/projects/spengo/src/ui/theme.js","statementMap":{"0":{"start":{"line":4,"column":44},"end":{"line":4,"column":61}},"1":{"start":{"line":5,"column":29},"end":{"line":5,"column":35}},"2":{"start":{"line":19,"column":4},"end":{"line":19,"column":55}},"3":{"start":{"line":27,"column":4},"end":{"line":27,"column":49}},"4":{"start":{"line":33,"column":19},"end":{"line":33,"column":21}},"5":{"start":{"line":42,"column":4},"end":{"line":42,"column":64}},"6":{"start":{"line":51,"column":4},"end":{"line":51,"column":40}},"7":{"start":{"line":51,"column":33},"end":{"line":51,"column":40}},"8":{"start":{"line":52,"column":4},"end":{"line":52,"column":37}},"9":{"start":{"line":52,"column":30},"end":{"line":52,"column":37}},"10":{"start":{"line":54,"column":4},"end":{"line":54,"column":51}},"11":{"start":{"line":56,"column":4},"end":{"line":60,"column":5}},"12":{"start":{"line":57,"column":8},"end":{"line":57,"column":51}},"13":{"start":{"line":62,"column":4},"end":{"line":62,"column":40}},"14":{"start":{"line":62,"column":29},"end":{"line":62,"column":38}},"15":{"start":{"line":69,"column":4},"end":{"line":69,"column":36}},"16":{"start":{"line":78,"column":17},"end":{"line":78,"column":30}},"17":{"start":{"line":80,"column":4},"end":{"line":84,"column":5}},"18":{"start":{"line":81,"column":8},"end":{"line":81,"column":53}},"19":{"start":{"line":86,"column":4},"end":{"line":86,"column":66}},"20":{"start":{"line":97,"column":4},"end":{"line":97,"column":24}},"21":{"start":{"line":98,"column":4},"end":{"line":101,"column":6}},"22":{"start":{"line":99,"column":20},"end":{"line":99,"column":42}},"23":{"start":{"line":100,"column":8},"end":{"line":100,"column":50}},"24":{"start":{"line":100,"column":24},"end":{"line":100,"column":50}}},"fnMap":{"0":{"name":"resolveTheme","decl":{"start":{"line":18,"column":16},"end":{"line":18,"column":28}},"loc":{"start":{"line":18,"column":63},"end":{"line":20,"column":1}},"line":18},"1":{"name":"nextTheme","decl":{"start":{"line":26,"column":16},"end":{"line":26,"column":25}},"loc":{"start":{"line":26,"column":35},"end":{"line":28,"column":1}},"line":26},"2":{"name":"getTheme","decl":{"start":{"line":41,"column":16},"end":{"line":41,"column":24}},"loc":{"start":{"line":41,"column":27},"end":{"line":43,"column":1}},"line":41},"3":{"name":"setTheme","decl":{"start":{"line":50,"column":16},"end":{"line":50,"column":24}},"loc":{"start":{"line":50,"column":32},"end":{"line":63,"column":1}},"line":50},"4":{"name":"(anonymous_4)","decl":{"start":{"line":62,"column":23},"end":{"line":62,"column":24}},"loc":{"start":{"line":62,"column":29},"end":{"line":62,"column":38}},"line":62},"5":{"name":"toggleTheme","decl":{"start":{"line":68,"column":16},"end":{"line":68,"column":27}},"loc":{"start":{"line":68,"column":30},"end":{"line":70,"column":1}},"line":68},"6":{"name":"initTheme","decl":{"start":{"line":77,"column":16},"end":{"line":77,"column":25}},"loc":{"start":{"line":77,"column":28},"end":{"line":87,"column":1}},"line":77},"7":{"name":"onThemeChange","decl":{"start":{"line":96,"column":16},"end":{"line":96,"column":29}},"loc":{"start":{"line":96,"column":34},"end":{"line":102,"column":1}},"line":96},"8":{"name":"(anonymous_8)","decl":{"start":{"line":98,"column":11},"end":{"line":98,"column":12}},"loc":{"start":{"line":98,"column":17},"end":{"line":101,"column":5}},"line":98}},"branchMap":{"0":{"loc":{"start":{"line":18,"column":37},"end":{"line":18,"column":61}},"type":"default-arg","locations":[{"start":{"line":18,"column":48},"end":{"line":18,"column":61}}],"line":18},"1":{"loc":{"start":{"line":19,"column":11},"end":{"line":19,"column":54}},"type":"cond-expr","locations":[{"start":{"line":19,"column":37},"end":{"line":19,"column":43}},{"start":{"line":19,"column":46},"end":{"line":19,"column":54}}],"line":19},"2":{"loc":{"start":{"line":27,"column":11},"end":{"line":27,"column":48}},"type":"cond-expr","locations":[{"start":{"line":27,"column":32},"end":{"line":27,"column":39}},{"start":{"line":27,"column":42},"end":{"line":27,"column":48}}],"line":27},"3":{"loc":{"start":{"line":51,"column":4},"end":{"line":51,"column":40}},"type":"if","locations":[{"start":{"line":51,"column":4},"end":{"line":51,"column":40}},{"start":{},"end":{}}],"line":51},"4":{"loc":{"start":{"line":52,"column":4},"end":{"line":52,"column":37}},"type":"if","locations":[{"start":{"line":52,"column":4},"end":{"line":52,"column":37}},{"start":{},"end":{}}],"line":52},"5":{"loc":{"start":{"line":100,"column":8},"end":{"line":100,"column":50}},"type":"if","locations":[{"start":{"line":100,"column":8},"end":{"line":100,"column":50}},{"start":{},"end":{}}],"line":100}},"s":{"0":1,"1":1,"2":11,"3":6,"4":1,"5":0,"6":0,"7":0,"8":0,"9":0,"10":0,"11":0,"12":0,"13":0,"14":0,"15":0,"16":0,"17":0,"18":0,"19":0,"20":0,"21":0,"22":0,"23":0,"24":0},"f":{"0":11,"1":6,"2":0,"3":0,"4":0,"5":0,"6":0,"7":0,"8":0},"b":{"0":[8],"1":[3,8],"2":[3,3],"3":[0,0],"4":[0,0],"5":[0,0]},"_coverageSchema":"1a1c01bbd47fc00a2c39e90264f33305004495a9","hash":"60a89c5c44468be0c0d2ad99e5b437af563d816c"}
,"/Users/home/projects/spengo/src/utils/helpers.js": {"path":"/Users/home/projects/spengo/src/utils/helpers.js","statementMap":{"0":{"start":{"line":6,"column":19},"end":{"line":12,"column":1}},"1":{"start":{"line":14,"column":25},"end":{"line":20,"column":1}},"2":{"start":{"line":27,"column":4},"end":{"line":30,"column":7}},"3":{"start":{"line":28,"column":18},"end":{"line":28,"column":40}},"4":{"start":{"line":29,"column":8},"end":{"line":29,"column":62}},"5":{"start":{"line":38,"column":14},"end":{"line":38,"column":24}},"6":{"start":{"line":39,"column":18},"end":{"line":39,"column":33}},"7":{"start":{"line":40,"column":18},"end":{"line":40,"column":59}},"8":{"start":{"line":41,"column":18},"end":{"line":41,"column":54}},"9":{"start":{"line":42,"column":4},"end":{"line":42,"column":37}},"10":{"start":{"line":55,"column":4},"end":{"line":55,"column":34}},"11":{"start":{"line":55,"column":24},"end":{"line":55,"column":34}},"12":{"start":{"line":57,"column":4},"end":{"line":68,"column":5}},"13":{"start":{"line":58,"column":21},"end":{"line":58,"column":44}},"14":{"start":{"line":59,"column":28},"end":{"line":59,"column":82}},"15":{"start":{"line":61,"column":29},"end":{"line":61,"column":69}},"16":{"start":{"line":62,"column":27},"end":{"line":62,"column":65}},"17":{"start":{"line":64,"column":8},"end":{"line":64,"column":61}},"18":{"start":{"line":66,"column":8},"end":{"line":66,"column":69}},"19":{"start":{"line":67,"column":8},"end":{"line":67,"column":18}},"20":{"start":{"line":77,"column":4},"end":{"line":80,"column":5}},"21":{"start":{"line":78,"column":8},"end":{"line":78,"column":82}},"22":{"start":{"line":79,"column":8},"end":{"line":79,"column":19}},"23":{"start":{"line":81,"column":4},"end":{"line":90,"column":5}},"24":{"start":{"line":82,"column":25},"end":{"line":82,"column":41}},"25":{"start":{"line":83,"column":8},"end":{"line":86,"column":26}},"26":{"start":{"line":88,"column":8},"end":{"line":88,"column":88}},"27":{"start":{"line":89,"column":8},"end":{"line":89,"column":102}},"28":{"start":{"line":102,"column":4},"end":{"line":102,"column":37}},"29":{"start":{"line":102,"column":24},"end":{"line":102,"column":37}},"30":{"start":{"line":104,"column":23},"end":{"line":104,"column":46}},"31":{"start":{"line":105,"column":16},"end":{"line":105,"column":26}},"32":{"start":{"line":107,"column":4},"end":{"line":116,"column":5}},"33":{"start":{"line":109,"column":12},"end":{"line":109,"column":46}},"34":{"start":{"line":111,"column":12},"end":{"line":111,"column":68}},"35":{"start":{"line":113,"column":12},"end":{"line":113,"column":48}},"36":{"start":{"line":115,"column":12},"end":{"line":115,"column":25}},"37":{"start":{"line":124,"column":4},"end":{"line":126,"column":106}},"38":{"start":{"line":125,"column":21},"end":{"line":125,"column":60}},"39":{"start":{"line":126,"column":21},"end":{"line":126,"column":104}},"40":{"start":{"line":134,"column":15},"end":{"line":134,"column":47}},"41":{"start":{"line":135,"column":4},"end":{"line":135,"column":29}},"42":{"start":{"line":136,"column":4},"end":{"line":136,"column":56}},"43":{"start":{"line":137,"column":4},"end":{"line":137,"column":29}},"44":{"start":{"line":138,"column":4},"end":{"line":138,"column":56}},"45":{"start":{"line":138,"column":21},"end":{"line":138,"column":48}},"46":{"start":{"line":146,"column":4},"end":{"line":146,"column":47}},"47":{"start":{"line":146,"column":28},"end":{"line":146,"column":45}},"48":{"start":{"line":154,"column":15},"end":{"line":154,"column":42}},"49":{"start":{"line":155,"column":4},"end":{"line":158,"column":5}},"50":{"start":{"line":156,"column":8},"end":{"line":156,"column":59}},"51":{"start":{"line":157,"column":8},"end":{"line":157,"column":15}},"52":{"start":{"line":159,"column":4},"end":{"line":159,"column":27}},"53":{"start":{"line":167,"column":15},"end":{"line":167,"column":42}},"54":{"start":{"line":168,"column":4},"end":{"line":168,"column":33}},"55":{"start":{"line":168,"column":12},"end":{"line":168,"column":33}},"56":{"start":{"line":180,"column":4},"end":{"line":188,"column":5}},"57":{"start":{"line":181,"column":27},"end":{"line":181,"column":69}},"58":{"start":{"line":182,"column":8},"end":{"line":182,"column":56}},"59":{"start":{"line":182,"column":47},"end":{"line":182,"column":56}},"60":{"start":{"line":183,"column":20},"end":{"line":183,"column":39}},"61":{"start":{"line":184,"column":8},"end":{"line":184,"column":33}},"62":{"start":{"line":184,"column":24},"end":{"line":184,"column":33}},"63":{"start":{"line":185,"column":8},"end":{"line":185,"column":38}},"64":{"start":{"line":187,"column":8},"end":{"line":187,"column":17}},"65":{"start":{"line":199,"column":18},"end":{"line":199,"column":86}},"66":{"start":{"line":199,"column":46},"end":{"line":199,"column":73}},"67":{"start":{"line":200,"column":4},"end":{"line":200,"column":36}},"68":{"start":{"line":212,"column":23},"end":{"line":212,"column":45}},"69":{"start":{"line":216,"column":21},"end":{"line":216,"column":63}},"70":{"start":{"line":216,"column":52},"end":{"line":216,"column":61}},"71":{"start":{"line":218,"column":4},"end":{"line":227,"column":7}},"72":{"start":{"line":219,"column":8},"end":{"line":224,"column":9}},"73":{"start":{"line":220,"column":25},"end":{"line":220,"column":71}},"74":{"start":{"line":221,"column":12},"end":{"line":221,"column":53}},"75":{"start":{"line":221,"column":28},"end":{"line":221,"column":53}},"76":{"start":{"line":223,"column":12},"end":{"line":223,"column":59}},"77":{"start":{"line":226,"column":8},"end":{"line":226,"column":50}},"78":{"start":{"line":236,"column":4},"end":{"line":236,"column":58}},"79":{"start":{"line":236,"column":45},"end":{"line":236,"column":58}},"80":{"start":{"line":238,"column":23},"end":{"line":238,"column":49}},"81":{"start":{"line":241,"column":18},"end":{"line":241,"column":45}},"82":{"start":{"line":242,"column":4},"end":{"line":242,"column":32}},"83":{"start":{"line":242,"column":19},"end":{"line":242,"column":32}},"84":{"start":{"line":244,"column":19},"end":{"line":244,"column":45}},"85":{"start":{"line":245,"column":19},"end":{"line":245,"column":46}},"86":{"start":{"line":247,"column":4},"end":{"line":247,"column":40}},"87":{"start":{"line":247,"column":27},"end":{"line":247,"column":40}},"88":{"start":{"line":250,"column":4},"end":{"line":250,"column":51}},"89":{"start":{"line":250,"column":38},"end":{"line":250,"column":51}},"90":{"start":{"line":251,"column":4},"end":{"line":251,"column":51}},"91":{"start":{"line":251,"column":38},"end":{"line":251,"column":51}},"92":{"start":{"line":252,"column":4},"end":{"line":252,"column":51}},"93":{"start":{"line":252,"column":38},"end":{"line":252,"column":51}},"94":{"start":{"line":253,"column":4},"end":{"line":253,"column":51}},"95":{"start":{"line":253,"column":38},"end":{"line":253,"column":51}},"96":{"start":{"line":255,"column":4},"end":{"line":255,"column":53}},"97":{"start":{"line":255,"column":40},"end":{"line":255,"column":53}},"98":{"start":{"line":258,"column":19},"end":{"line":258,"column":36}},"99":{"start":{"line":259,"column":4},"end":{"line":259,"column":51}},"100":{"start":{"line":259,"column":38},"end":{"line":259,"column":51}},"101":{"start":{"line":261,"column":16},"end":{"line":261,"column":41}},"102":{"start":{"line":262,"column":4},"end":{"line":262,"column":51}},"103":{"start":{"line":262,"column":38},"end":{"line":262,"column":51}},"104":{"start":{"line":263,"column":4},"end":{"line":263,"column":51}},"105":{"start":{"line":263,"column":38},"end":{"line":263,"column":51}},"106":{"start":{"line":265,"column":4},"end":{"line":270,"column":5}},"107":{"start":{"line":266,"column":8},"end":{"line":266,"column":51}},"108":{"start":{"line":266,"column":38},"end":{"line":266,"column":51}},"109":{"start":{"line":267,"column":8},"end":{"line":267,"column":51}},"110":{"start":{"line":267,"column":38},"end":{"line":267,"column":51}},"111":{"start":{"line":268,"column":8},"end":{"line":268,"column":51}},"112":{"start":{"line":268,"column":38},"end":{"line":268,"column":51}},"113":{"start":{"line":269,"column":8},"end":{"line":269,"column":54}},"114":{"start":{"line":269,"column":41},"end":{"line":269,"column":54}},"115":{"start":{"line":275,"column":31},"end":{"line":283,"column":6}},"116":{"start":{"line":285,"column":4},"end":{"line":285,"column":53}},"117":{"start":{"line":285,"column":40},"end":{"line":285,"column":53}},"118":{"start":{"line":287,"column":4},"end":{"line":287,"column":16}},"119":{"start":{"line":300,"column":16},"end":{"line":300,"column":34}},"120":{"start":{"line":301,"column":4},"end":{"line":301,"column":83}},"121":{"start":{"line":312,"column":16},"end":{"line":312,"column":34}},"122":{"start":{"line":313,"column":4},"end":{"line":313,"column":54}},"123":{"start":{"line":332,"column":4},"end":{"line":332,"column":40}},"124":{"start":{"line":332,"column":27},"end":{"line":332,"column":40}},"125":{"start":{"line":333,"column":4},"end":{"line":333,"column":45}},"126":{"start":{"line":333,"column":33},"end":{"line":333,"column":45}},"127":{"start":{"line":334,"column":4},"end":{"line":334,"column":62}},"128":{"start":{"line":347,"column":4},"end":{"line":347,"column":41}},"129":{"start":{"line":347,"column":29},"end":{"line":347,"column":41}},"130":{"start":{"line":348,"column":4},"end":{"line":348,"column":72}},"131":{"start":{"line":367,"column":20},"end":{"line":367,"column":46}},"132":{"start":{"line":369,"column":4},"end":{"line":369,"column":62}},"133":{"start":{"line":369,"column":33},"end":{"line":369,"column":62}},"134":{"start":{"line":371,"column":4},"end":{"line":371,"column":89}},"135":{"start":{"line":371,"column":60},"end":{"line":371,"column":89}},"136":{"start":{"line":373,"column":26},"end":{"line":373,"column":82}},"137":{"start":{"line":373,"column":48},"end":{"line":373,"column":81}},"138":{"start":{"line":374,"column":4},"end":{"line":374,"column":53}},"139":{"start":{"line":374,"column":23},"end":{"line":374,"column":53}},"140":{"start":{"line":376,"column":4},"end":{"line":376,"column":16}}},"fnMap":{"0":{"name":"uuid","decl":{"start":{"line":26,"column":16},"end":{"line":26,"column":20}},"loc":{"start":{"line":26,"column":23},"end":{"line":31,"column":1}},"line":26},"1":{"name":"(anonymous_1)","decl":{"start":{"line":27,"column":67},"end":{"line":27,"column":68}},"loc":{"start":{"line":27,"column":72},"end":{"line":30,"column":5}},"line":27},"2":{"name":"todayStr","decl":{"start":{"line":37,"column":16},"end":{"line":37,"column":24}},"loc":{"start":{"line":37,"column":27},"end":{"line":43,"column":1}},"line":37},"3":{"name":"formatDate","decl":{"start":{"line":54,"column":16},"end":{"line":54,"column":26}},"loc":{"start":{"line":54,"column":51},"end":{"line":69,"column":1}},"line":54},"4":{"name":"formatMoney","decl":{"start":{"line":76,"column":16},"end":{"line":76,"column":27}},"loc":{"start":{"line":76,"column":54},"end":{"line":91,"column":1}},"line":76},"5":{"name":"isInPeriod","decl":{"start":{"line":101,"column":16},"end":{"line":101,"column":26}},"loc":{"start":{"line":101,"column":50},"end":{"line":117,"column":1}},"line":101},"6":{"name":"getFilteredExpenses","decl":{"start":{"line":123,"column":16},"end":{"line":123,"column":35}},"loc":{"start":{"line":123,"column":43},"end":{"line":127,"column":1}},"line":123},"7":{"name":"(anonymous_7)","decl":{"start":{"line":125,"column":16},"end":{"line":125,"column":17}},"loc":{"start":{"line":125,"column":21},"end":{"line":125,"column":60}},"line":125},"8":{"name":"(anonymous_8)","decl":{"start":{"line":126,"column":16},"end":{"line":126,"column":17}},"loc":{"start":{"line":126,"column":21},"end":{"line":126,"column":104}},"line":126},"9":{"name":"showToast","decl":{"start":{"line":133,"column":16},"end":{"line":133,"column":25}},"loc":{"start":{"line":133,"column":46},"end":{"line":139,"column":1}},"line":133},"10":{"name":"(anonymous_10)","decl":{"start":{"line":138,"column":15},"end":{"line":138,"column":16}},"loc":{"start":{"line":138,"column":21},"end":{"line":138,"column":48}},"line":138},"11":{"name":"sleep","decl":{"start":{"line":145,"column":16},"end":{"line":145,"column":21}},"loc":{"start":{"line":145,"column":26},"end":{"line":147,"column":1}},"line":145},"12":{"name":"(anonymous_12)","decl":{"start":{"line":146,"column":23},"end":{"line":146,"column":24}},"loc":{"start":{"line":146,"column":28},"end":{"line":146,"column":45}},"line":146},"13":{"name":"setText","decl":{"start":{"line":153,"column":16},"end":{"line":153,"column":23}},"loc":{"start":{"line":153,"column":35},"end":{"line":160,"column":1}},"line":153},"14":{"name":"setHTML","decl":{"start":{"line":166,"column":16},"end":{"line":166,"column":23}},"loc":{"start":{"line":166,"column":35},"end":{"line":169,"column":1}},"line":166},"15":{"name":"parseAmount","decl":{"start":{"line":179,"column":16},"end":{"line":179,"column":27}},"loc":{"start":{"line":179,"column":33},"end":{"line":189,"column":1}},"line":179},"16":{"name":"sumAmounts","decl":{"start":{"line":198,"column":16},"end":{"line":198,"column":26}},"loc":{"start":{"line":198,"column":37},"end":{"line":201,"column":1}},"line":198},"17":{"name":"(anonymous_17)","decl":{"start":{"line":199,"column":34},"end":{"line":199,"column":35}},"loc":{"start":{"line":199,"column":46},"end":{"line":199,"column":73}},"line":199},"18":{"name":"sortExpenses","decl":{"start":{"line":211,"column":16},"end":{"line":211,"column":28}},"loc":{"start":{"line":211,"column":51},"end":{"line":228,"column":1}},"line":211},"19":{"name":"(anonymous_19)","decl":{"start":{"line":216,"column":42},"end":{"line":216,"column":43}},"loc":{"start":{"line":216,"column":52},"end":{"line":216,"column":61}},"line":216},"20":{"name":"(anonymous_20)","decl":{"start":{"line":218,"column":33},"end":{"line":218,"column":34}},"loc":{"start":{"line":218,"column":43},"end":{"line":227,"column":5}},"line":218},"21":{"name":"isGoogleEmail","decl":{"start":{"line":235,"column":16},"end":{"line":235,"column":29}},"loc":{"start":{"line":235,"column":37},"end":{"line":288,"column":1}},"line":235},"22":{"name":"isPermissionError","decl":{"start":{"line":299,"column":16},"end":{"line":299,"column":33}},"loc":{"start":{"line":299,"column":39},"end":{"line":302,"column":1}},"line":299},"23":{"name":"isAuthError","decl":{"start":{"line":311,"column":16},"end":{"line":311,"column":27}},"loc":{"start":{"line":311,"column":33},"end":{"line":314,"column":1}},"line":311},"24":{"name":"isSheetOwner","decl":{"start":{"line":331,"column":16},"end":{"line":331,"column":28}},"loc":{"start":{"line":331,"column":57},"end":{"line":335,"column":1}},"line":331},"25":{"name":"buildAccessUrl","decl":{"start":{"line":346,"column":16},"end":{"line":346,"column":30}},"loc":{"start":{"line":346,"column":87},"end":{"line":349,"column":1}},"line":346},"26":{"name":"validateShareTarget","decl":{"start":{"line":366,"column":16},"end":{"line":366,"column":35}},"loc":{"start":{"line":366,"column":68},"end":{"line":377,"column":1}},"line":366},"27":{"name":"(anonymous_27)","decl":{"start":{"line":373,"column":43},"end":{"line":373,"column":44}},"loc":{"start":{"line":373,"column":48},"end":{"line":373,"column":81}},"line":373}},"branchMap":{"0":{"loc":{"start":{"line":29,"column":16},"end":{"line":29,"column":47}},"type":"cond-expr","locations":[{"start":{"line":29,"column":28},"end":{"line":29,"column":29}},{"start":{"line":29,"column":33},"end":{"line":29,"column":46}}],"line":29},"1":{"loc":{"start":{"line":55,"column":4},"end":{"line":55,"column":34}},"type":"if","locations":[{"start":{"line":55,"column":4},"end":{"line":55,"column":34}},{"start":{},"end":{}}],"line":55},"2":{"loc":{"start":{"line":59,"column":28},"end":{"line":59,"column":82}},"type":"binary-expr","locations":[{"start":{"line":59,"column":28},"end":{"line":59,"column":35}},{"start":{"line":59,"column":40},"end":{"line":59,"column":81}}],"line":59},"3":{"loc":{"start":{"line":59,"column":40},"end":{"line":59,"column":81}},"type":"cond-expr","locations":[{"start":{"line":59,"column":70},"end":{"line":59,"column":74}},{"start":{"line":59,"column":77},"end":{"line":59,"column":81}}],"line":59},"4":{"loc":{"start":{"line":61,"column":29},"end":{"line":61,"column":69}},"type":"binary-expr","locations":[{"start":{"line":61,"column":29},"end":{"line":61,"column":52}},{"start":{"line":61,"column":56},"end":{"line":61,"column":69}}],"line":61},"5":{"loc":{"start":{"line":62,"column":27},"end":{"line":62,"column":65}},"type":"binary-expr","locations":[{"start":{"line":62,"column":27},"end":{"line":62,"column":57}},{"start":{"line":62,"column":61},"end":{"line":62,"column":65}}],"line":62},"6":{"loc":{"start":{"line":76,"column":36},"end":{"line":76,"column":52}},"type":"default-arg","locations":[{"start":{"line":76,"column":45},"end":{"line":76,"column":52}}],"line":76},"7":{"loc":{"start":{"line":77,"column":4},"end":{"line":80,"column":5}},"type":"if","locations":[{"start":{"line":77,"column":4},"end":{"line":80,"column":5}},{"start":{},"end":{}}],"line":77},"8":{"loc":{"start":{"line":77,"column":8},"end":{"line":77,"column":58}},"type":"binary-expr","locations":[{"start":{"line":77,"column":8},"end":{"line":77,"column":34}},{"start":{"line":77,"column":38},"end":{"line":77,"column":58}}],"line":77},"9":{"loc":{"start":{"line":84,"column":35},"end":{"line":84,"column":51}},"type":"cond-expr","locations":[{"start":{"line":84,"column":46},"end":{"line":84,"column":47}},{"start":{"line":84,"column":50},"end":{"line":84,"column":51}}],"line":84},"10":{"loc":{"start":{"line":102,"column":4},"end":{"line":102,"column":37}},"type":"if","locations":[{"start":{"line":102,"column":4},"end":{"line":102,"column":37}},{"start":{},"end":{}}],"line":102},"11":{"loc":{"start":{"line":107,"column":4},"end":{"line":116,"column":5}},"type":"switch","locations":[{"start":{"line":108,"column":8},"end":{"line":109,"column":46}},{"start":{"line":110,"column":8},"end":{"line":111,"column":68}},{"start":{"line":112,"column":8},"end":{"line":113,"column":48}},{"start":{"line":114,"column":8},"end":{"line":115,"column":25}}],"line":107},"12":{"loc":{"start":{"line":126,"column":21},"end":{"line":126,"column":104}},"type":"binary-expr","locations":[{"start":{"line":126,"column":21},"end":{"line":126,"column":58}},{"start":{"line":126,"column":62},"end":{"line":126,"column":104}}],"line":126},"13":{"loc":{"start":{"line":133,"column":35},"end":{"line":133,"column":44}},"type":"default-arg","locations":[{"start":{"line":133,"column":42},"end":{"line":133,"column":44}}],"line":133},"14":{"loc":{"start":{"line":136,"column":32},"end":{"line":136,"column":54}},"type":"cond-expr","locations":[{"start":{"line":136,"column":39},"end":{"line":136,"column":49}},{"start":{"line":136,"column":52},"end":{"line":136,"column":54}}],"line":136},"15":{"loc":{"start":{"line":155,"column":4},"end":{"line":158,"column":5}},"type":"if","locations":[{"start":{"line":155,"column":4},"end":{"line":158,"column":5}},{"start":{},"end":{}}],"line":155},"16":{"loc":{"start":{"line":168,"column":4},"end":{"line":168,"column":33}},"type":"if","locations":[{"start":{"line":168,"column":4},"end":{"line":168,"column":33}},{"start":{},"end":{}}],"line":168},"17":{"loc":{"start":{"line":181,"column":34},"end":{"line":181,"column":43}},"type":"binary-expr","locations":[{"start":{"line":181,"column":34},"end":{"line":181,"column":37}},{"start":{"line":181,"column":41},"end":{"line":181,"column":43}}],"line":181},"18":{"loc":{"start":{"line":182,"column":8},"end":{"line":182,"column":56}},"type":"if","locations":[{"start":{"line":182,"column":8},"end":{"line":182,"column":56}},{"start":{},"end":{}}],"line":182},"19":{"loc":{"start":{"line":182,"column":12},"end":{"line":182,"column":45}},"type":"binary-expr","locations":[{"start":{"line":182,"column":12},"end":{"line":182,"column":23}},{"start":{"line":182,"column":27},"end":{"line":182,"column":45}}],"line":182},"20":{"loc":{"start":{"line":184,"column":8},"end":{"line":184,"column":33}},"type":"if","locations":[{"start":{"line":184,"column":8},"end":{"line":184,"column":33}},{"start":{},"end":{}}],"line":184},"21":{"loc":{"start":{"line":212,"column":23},"end":{"line":212,"column":45}},"type":"cond-expr","locations":[{"start":{"line":212,"column":39},"end":{"line":212,"column":40}},{"start":{"line":212,"column":43},"end":{"line":212,"column":45}}],"line":212},"22":{"loc":{"start":{"line":219,"column":8},"end":{"line":224,"column":9}},"type":"if","locations":[{"start":{"line":219,"column":8},"end":{"line":224,"column":9}},{"start":{},"end":{}}],"line":219},"23":{"loc":{"start":{"line":220,"column":25},"end":{"line":220,"column":71}},"type":"cond-expr","locations":[{"start":{"line":220,"column":43},"end":{"line":220,"column":45}},{"start":{"line":220,"column":48},"end":{"line":220,"column":71}}],"line":220},"24":{"loc":{"start":{"line":220,"column":48},"end":{"line":220,"column":71}},"type":"cond-expr","locations":[{"start":{"line":220,"column":66},"end":{"line":220,"column":67}},{"start":{"line":220,"column":70},"end":{"line":220,"column":71}}],"line":220},"25":{"loc":{"start":{"line":221,"column":12},"end":{"line":221,"column":53}},"type":"if","locations":[{"start":{"line":221,"column":12},"end":{"line":221,"column":53}},{"start":{},"end":{}}],"line":221},"26":{"loc":{"start":{"line":236,"column":4},"end":{"line":236,"column":58}},"type":"if","locations":[{"start":{"line":236,"column":4},"end":{"line":236,"column":58}},{"start":{},"end":{}}],"line":236},"27":{"loc":{"start":{"line":236,"column":8},"end":{"line":236,"column":43}},"type":"binary-expr","locations":[{"start":{"line":236,"column":8},"end":{"line":236,"column":14}},{"start":{"line":236,"column":18},"end":{"line":236,"column":43}}],"line":236},"28":{"loc":{"start":{"line":242,"column":4},"end":{"line":242,"column":32}},"type":"if","locations":[{"start":{"line":242,"column":4},"end":{"line":242,"column":32}},{"start":{},"end":{}}],"line":242},"29":{"loc":{"start":{"line":247,"column":4},"end":{"line":247,"column":40}},"type":"if","locations":[{"start":{"line":247,"column":4},"end":{"line":247,"column":40}},{"start":{},"end":{}}],"line":247},"30":{"loc":{"start":{"line":247,"column":8},"end":{"line":247,"column":25}},"type":"binary-expr","locations":[{"start":{"line":247,"column":8},"end":{"line":247,"column":14}},{"start":{"line":247,"column":18},"end":{"line":247,"column":25}}],"line":247},"31":{"loc":{"start":{"line":250,"column":4},"end":{"line":250,"column":51}},"type":"if","locations":[{"start":{"line":250,"column":4},"end":{"line":250,"column":51}},{"start":{},"end":{}}],"line":250},"32":{"loc":{"start":{"line":251,"column":4},"end":{"line":251,"column":51}},"type":"if","locations":[{"start":{"line":251,"column":4},"end":{"line":251,"column":51}},{"start":{},"end":{}}],"line":251},"33":{"loc":{"start":{"line":252,"column":4},"end":{"line":252,"column":51}},"type":"if","locations":[{"start":{"line":252,"column":4},"end":{"line":252,"column":51}},{"start":{},"end":{}}],"line":252},"34":{"loc":{"start":{"line":253,"column":4},"end":{"line":253,"column":51}},"type":"if","locations":[{"start":{"line":253,"column":4},"end":{"line":253,"column":51}},{"start":{},"end":{}}],"line":253},"35":{"loc":{"start":{"line":255,"column":4},"end":{"line":255,"column":53}},"type":"if","locations":[{"start":{"line":255,"column":4},"end":{"line":255,"column":53}},{"start":{},"end":{}}],"line":255},"36":{"loc":{"start":{"line":259,"column":4},"end":{"line":259,"column":51}},"type":"if","locations":[{"start":{"line":259,"column":4},"end":{"line":259,"column":51}},{"start":{},"end":{}}],"line":259},"37":{"loc":{"start":{"line":262,"column":4},"end":{"line":262,"column":51}},"type":"if","locations":[{"start":{"line":262,"column":4},"end":{"line":262,"column":51}},{"start":{},"end":{}}],"line":262},"38":{"loc":{"start":{"line":263,"column":4},"end":{"line":263,"column":51}},"type":"if","locations":[{"start":{"line":263,"column":4},"end":{"line":263,"column":51}},{"start":{},"end":{}}],"line":263},"39":{"loc":{"start":{"line":266,"column":8},"end":{"line":266,"column":51}},"type":"if","locations":[{"start":{"line":266,"column":8},"end":{"line":266,"column":51}},{"start":{},"end":{}}],"line":266},"40":{"loc":{"start":{"line":267,"column":8},"end":{"line":267,"column":51}},"type":"if","locations":[{"start":{"line":267,"column":8},"end":{"line":267,"column":51}},{"start":{},"end":{}}],"line":267},"41":{"loc":{"start":{"line":268,"column":8},"end":{"line":268,"column":51}},"type":"if","locations":[{"start":{"line":268,"column":8},"end":{"line":268,"column":51}},{"start":{},"end":{}}],"line":268},"42":{"loc":{"start":{"line":269,"column":8},"end":{"line":269,"column":54}},"type":"if","locations":[{"start":{"line":269,"column":8},"end":{"line":269,"column":54}},{"start":{},"end":{}}],"line":269},"43":{"loc":{"start":{"line":285,"column":4},"end":{"line":285,"column":53}},"type":"if","locations":[{"start":{"line":285,"column":4},"end":{"line":285,"column":53}},{"start":{},"end":{}}],"line":285},"44":{"loc":{"start":{"line":300,"column":16},"end":{"line":300,"column":34}},"type":"binary-expr","locations":[{"start":{"line":300,"column":16},"end":{"line":300,"column":28}},{"start":{"line":300,"column":32},"end":{"line":300,"column":34}}],"line":300},"45":{"loc":{"start":{"line":301,"column":11},"end":{"line":301,"column":82}},"type":"binary-expr","locations":[{"start":{"line":301,"column":11},"end":{"line":301,"column":30}},{"start":{"line":301,"column":34},"end":{"line":301,"column":53}},{"start":{"line":301,"column":57},"end":{"line":301,"column":82}}],"line":301},"46":{"loc":{"start":{"line":312,"column":16},"end":{"line":312,"column":34}},"type":"binary-expr","locations":[{"start":{"line":312,"column":16},"end":{"line":312,"column":28}},{"start":{"line":312,"column":32},"end":{"line":312,"column":34}}],"line":312},"47":{"loc":{"start":{"line":313,"column":11},"end":{"line":313,"column":53}},"type":"binary-expr","locations":[{"start":{"line":313,"column":11},"end":{"line":313,"column":30}},{"start":{"line":313,"column":34},"end":{"line":313,"column":53}}],"line":313},"48":{"loc":{"start":{"line":332,"column":4},"end":{"line":332,"column":40}},"type":"if","locations":[{"start":{"line":332,"column":4},"end":{"line":332,"column":40}},{"start":{},"end":{}}],"line":332},"49":{"loc":{"start":{"line":333,"column":4},"end":{"line":333,"column":45}},"type":"if","locations":[{"start":{"line":333,"column":4},"end":{"line":333,"column":45}},{"start":{},"end":{}}],"line":333},"50":{"loc":{"start":{"line":333,"column":8},"end":{"line":333,"column":31}},"type":"binary-expr","locations":[{"start":{"line":333,"column":8},"end":{"line":333,"column":19}},{"start":{"line":333,"column":23},"end":{"line":333,"column":31}}],"line":333},"51":{"loc":{"start":{"line":346,"column":59},"end":{"line":346,"column":85}},"type":"default-arg","locations":[{"start":{"line":346,"column":70},"end":{"line":346,"column":85}}],"line":346},"52":{"loc":{"start":{"line":347,"column":4},"end":{"line":347,"column":41}},"type":"if","locations":[{"start":{"line":347,"column":4},"end":{"line":347,"column":41}},{"start":{},"end":{}}],"line":347},"53":{"loc":{"start":{"line":369,"column":4},"end":{"line":369,"column":62}},"type":"if","locations":[{"start":{"line":369,"column":4},"end":{"line":369,"column":62}},{"start":{},"end":{}}],"line":369},"54":{"loc":{"start":{"line":371,"column":4},"end":{"line":371,"column":89}},"type":"if","locations":[{"start":{"line":371,"column":4},"end":{"line":371,"column":89}},{"start":{},"end":{}}],"line":371},"55":{"loc":{"start":{"line":371,"column":8},"end":{"line":371,"column":58}},"type":"binary-expr","locations":[{"start":{"line":371,"column":8},"end":{"line":371,"column":18}},{"start":{"line":371,"column":22},"end":{"line":371,"column":58}}],"line":371},"56":{"loc":{"start":{"line":374,"column":4},"end":{"line":374,"column":53}},"type":"if","locations":[{"start":{"line":374,"column":4},"end":{"line":374,"column":53}},{"start":{},"end":{}}],"line":374}},"s":{"0":1,"1":1,"2":4,"3":124,"4":124,"5":2,"6":2,"7":2,"8":2,"9":2,"10":11,"11":3,"12":8,"13":8,"14":8,"15":8,"16":8,"17":8,"18":1,"19":1,"20":8,"21":2,"22":2,"23":6,"24":6,"25":6,"26":0,"27":0,"28":44,"29":2,"30":42,"31":42,"32":42,"33":27,"34":7,"35":7,"36":1,"37":8,"38":35,"39":21,"40":0,"41":0,"42":0,"43":0,"44":0,"45":0,"46":0,"47":0,"48":0,"49":0,"50":0,"51":0,"52":0,"53":0,"54":0,"55":0,"56":11,"57":11,"58":11,"59":1,"60":10,"61":9,"62":2,"63":7,"64":1,"65":6,"66":10,"67":6,"68":7,"69":7,"70":18,"71":7,"72":21,"73":10,"74":10,"75":8,"76":2,"77":11,"78":39,"79":3,"80":36,"81":36,"82":36,"83":3,"84":33,"85":33,"86":33,"87":1,"88":32,"89":1,"90":31,"91":1,"92":30,"93":1,"94":29,"95":1,"96":28,"97":1,"98":27,"99":27,"100":1,"101":26,"102":26,"103":1,"104":25,"105":0,"106":25,"107":50,"108":1,"109":49,"110":1,"111":48,"112":1,"113":47,"114":0,"115":22,"116":22,"117":8,"118":14,"119":7,"120":7,"121":6,"122":6,"123":7,"124":1,"125":6,"126":3,"127":3,"128":3,"129":1,"130":2,"131":9,"132":9,"133":2,"134":7,"135":2,"136":5,"137":6,"138":5,"139":2,"140":3},"f":{"0":4,"1":124,"2":2,"3":11,"4":8,"5":44,"6":8,"7":35,"8":21,"9":0,"10":0,"11":0,"12":0,"13":0,"14":0,"15":11,"16":6,"17":10,"18":7,"19":18,"20":21,"21":39,"22":7,"23":6,"24":7,"25":3,"26":9,"27":6},"b":{"0":[120,4],"1":[3,8],"2":[8,0],"3":[0,0],"4":[8,1],"5":[8,0],"6":[7],"7":[2,6],"8":[8,7],"9":[1,5],"10":[2,42],"11":[27,7,7,1],"12":[21,9],"13":[0],"14":[0,0],"15":[0,0],"16":[0,0],"17":[11,0],"18":[1,10],"19":[11,10],"20":[2,7],"21":[3,4],"22":[10,11],"23":[4,6],"24":[4,2],"25":[8,2],"26":[3,36],"27":[39,36],"28":[3,33],"29":[1,32],"30":[33,33],"31":[1,31],"32":[1,30],"33":[1,29],"34":[1,28],"35":[1,27],"36":[1,26],"37":[1,25],"38":[0,25],"39":[1,49],"40":[1,48],"41":[1,47],"42":[0,47],"43":[8,14],"44":[7,1],"45":[7,6,5],"46":[6,1],"47":[6,5],"48":[1,6],"49":[3,3],"50":[6,4],"51":[0],"52":[1,2],"53":[2,7],"54":[2,5],"55":[7,6],"56":[2,3]},"_coverageSchema":"1a1c01bbd47fc00a2c39e90264f33305004495a9","hash":"30353f6091585b0e6521025276f854eac9557e51"}
,"/Users/home/projects/spengo/src/utils/renderer.utils.js": {"path":"/Users/home/projects/spengo/src/utils/renderer.utils.js","statementMap":{"0":{"start":{"line":7,"column":4},"end":{"line":7,"column":43}},"1":{"start":{"line":16,"column":4},"end":{"line":16,"column":48}},"2":{"start":{"line":26,"column":4},"end":{"line":26,"column":61}},"3":{"start":{"line":37,"column":4},"end":{"line":39,"column":46}},"4":{"start":{"line":48,"column":4},"end":{"line":48,"column":68}}},"fnMap":{"0":{"name":"nextSortDir","decl":{"start":{"line":6,"column":16},"end":{"line":6,"column":27}},"loc":{"start":{"line":6,"column":33},"end":{"line":8,"column":1}},"line":6},"1":{"name":"nextSortField","decl":{"start":{"line":15,"column":16},"end":{"line":15,"column":29}},"loc":{"start":{"line":15,"column":37},"end":{"line":17,"column":1}},"line":15},"2":{"name":"getSortFieldLabel","decl":{"start":{"line":25,"column":16},"end":{"line":25,"column":33}},"loc":{"start":{"line":25,"column":44},"end":{"line":27,"column":1}},"line":25},"3":{"name":"getSortLines","decl":{"start":{"line":36,"column":16},"end":{"line":36,"column":28}},"loc":{"start":{"line":36,"column":34},"end":{"line":40,"column":1}},"line":36},"4":{"name":"buildNavEvent","decl":{"start":{"line":47,"column":16},"end":{"line":47,"column":29}},"loc":{"start":{"line":47,"column":36},"end":{"line":49,"column":1}},"line":47}},"branchMap":{"0":{"loc":{"start":{"line":7,"column":11},"end":{"line":7,"column":42}},"type":"cond-expr","locations":[{"start":{"line":7,"column":28},"end":{"line":7,"column":33}},{"start":{"line":7,"column":36},"end":{"line":7,"column":42}}],"line":7},"1":{"loc":{"start":{"line":16,"column":11},"end":{"line":16,"column":47}},"type":"cond-expr","locations":[{"start":{"line":16,"column":30},"end":{"line":16,"column":38}},{"start":{"line":16,"column":41},"end":{"line":16,"column":47}}],"line":16},"2":{"loc":{"start":{"line":26,"column":13},"end":{"line":26,"column":59}},"type":"cond-expr","locations":[{"start":{"line":26,"column":32},"end":{"line":26,"column":43}},{"start":{"line":26,"column":46},"end":{"line":26,"column":59}}],"line":26},"3":{"loc":{"start":{"line":37,"column":11},"end":{"line":39,"column":45}},"type":"cond-expr","locations":[{"start":{"line":38,"column":10},"end":{"line":38,"column":44}},{"start":{"line":39,"column":10},"end":{"line":39,"column":45}}],"line":37}},"s":{"0":6,"1":4,"2":4,"3":10,"4":6},"f":{"0":6,"1":4,"2":4,"3":10,"4":6},"b":{"0":[3,3],"1":[2,2],"2":[2,2],"3":[5,5]},"_coverageSchema":"1a1c01bbd47fc00a2c39e90264f33305004495a9","hash":"51cdb882934304f0aed0030ca0e5e0f1ac414a6d"}
}
