TN:
SF:src/constants/storage.js
FNF:0
FNH:0
DA:1,1
DA:14,1
LF:2
LH:2
BRF:0
BRH:0
end_of_record
TN:
SF:src/ui/theme.js
FN:18,resolveTheme
FN:26,nextTheme
FN:41,getTheme
FN:50,setTheme
FN:62,(anonymous_4)
FN:68,toggleTheme
FN:77,initTheme
FN:96,onThemeChange
FN:98,(anonymous_8)
FNF:9
FNH:2
FNDA:11,resolveTheme
FNDA:6,nextTheme
FNDA:0,getTheme
FNDA:0,setTheme
FNDA:0,(anonymous_4)
FNDA:0,toggleTheme
FNDA:0,initTheme
FNDA:0,onThemeChange
FNDA:0,(anonymous_8)
DA:4,1
DA:5,1
DA:19,11
DA:27,6
DA:33,1
DA:42,0
DA:51,0
DA:52,0
DA:54,0
DA:56,0
DA:57,0
DA:62,0
DA:69,0
DA:78,0
DA:80,0
DA:81,0
DA:86,0
DA:97,0
DA:98,0
DA:99,0
DA:100,0
LF:21
LH:5
BRDA:18,0,0,8
BRDA:19,1,0,3
BRDA:19,1,1,8
BRDA:27,2,0,3
BRDA:27,2,1,3
BRDA:51,3,0,0
BRDA:51,3,1,0
BRDA:52,4,0,0
BRDA:52,4,1,0
BRDA:100,5,0,0
BRDA:100,5,1,0
BRF:11
BRH:5
end_of_record
TN:
SF:src/utils/helpers.js
FN:26,uuid
FN:27,(anonymous_1)
FN:37,todayStr
FN:54,formatDate
FN:76,formatMoney
FN:101,isInPeriod
FN:123,getFilteredExpenses
FN:125,(anonymous_7)
FN:126,(anonymous_8)
FN:133,showToast
FN:138,(anonymous_10)
FN:145,sleep
FN:146,(anonymous_12)
FN:153,setText
FN:166,setHTML
FN:179,parseAmount
FN:198,sumAmounts
FN:199,(anonymous_17)
FN:211,sortExpenses
FN:216,(anonymous_19)
FN:218,(anonymous_20)
FN:235,isGoogleEmail
FN:299,isPermissionError
FN:311,isAuthError
FN:331,isSheetOwner
FN:346,buildAccessUrl
FN:366,validateShareTarget
FN:373,(anonymous_27)
FNF:28
FNH:22
FNDA:4,uuid
FNDA:124,(anonymous_1)
FNDA:2,todayStr
FNDA:11,formatDate
FNDA:8,formatMoney
FNDA:44,isInPeriod
FNDA:8,getFilteredExpenses
FNDA:35,(anonymous_7)
FNDA:21,(anonymous_8)
FNDA:0,showToast
FNDA:0,(anonymous_10)
FNDA:0,sleep
FNDA:0,(anonymous_12)
FNDA:0,setText
FNDA:0,setHTML
FNDA:11,parseAmount
FNDA:6,sumAmounts
FNDA:10,(anonymous_17)
FNDA:7,sortExpenses
FNDA:18,(anonymous_19)
FNDA:21,(anonymous_20)
FNDA:39,isGoogleEmail
FNDA:7,isPermissionError
FNDA:6,isAuthError
FNDA:7,isSheetOwner
FNDA:3,buildAccessUrl
FNDA:9,validateShareTarget
FNDA:6,(anonymous_27)
DA:6,1
DA:14,1
DA:27,4
DA:28,124
DA:29,124
DA:38,2
DA:39,2
DA:40,2
DA:41,2
DA:42,2
DA:55,11
DA:57,8
DA:58,8
DA:59,8
DA:61,8
DA:62,8
DA:64,8
DA:66,1
DA:67,1
DA:77,8
DA:78,2
DA:79,2
DA:81,6
DA:82,6
DA:83,6
DA:88,0
DA:89,0
DA:102,44
DA:104,42
DA:105,42
DA:107,42
DA:109,27
DA:111,7
DA:113,7
DA:115,1
DA:124,8
DA:125,35
DA:126,21
DA:134,0
DA:135,0
DA:136,0
DA:137,0
DA:138,0
DA:146,0
DA:154,0
DA:155,0
DA:156,0
DA:157,0
DA:159,0
DA:167,0
DA:168,0
DA:180,11
DA:181,11
DA:182,11
DA:183,10
DA:184,9
DA:185,7
DA:187,1
DA:199,10
DA:200,6
DA:212,7
DA:216,18
DA:218,7
DA:219,21
DA:220,10
DA:221,10
DA:223,2
DA:226,11
DA:236,39
DA:238,36
DA:241,36
DA:242,36
DA:244,33
DA:245,33
DA:247,33
DA:250,32
DA:251,31
DA:252,30
DA:253,29
DA:255,28
DA:258,27
DA:259,27
DA:261,26
DA:262,26
DA:263,25
DA:265,25
DA:266,50
DA:267,49
DA:268,48
DA:269,47
DA:275,22
DA:285,22
DA:287,14
DA:300,7
DA:301,7
DA:312,6
DA:313,6
DA:332,7
DA:333,6
DA:334,3
DA:347,3
DA:348,2
DA:367,9
DA:369,9
DA:371,7
DA:373,6
DA:374,5
DA:376,3
LF:108
LH:93
BRDA:29,0,0,120
BRDA:29,0,1,4
BRDA:55,1,0,3
BRDA:55,1,1,8
BRDA:59,2,0,8
BRDA:59,2,1,0
BRDA:59,3,0,0
BRDA:59,3,1,0
BRDA:61,4,0,8
BRDA:61,4,1,1
BRDA:62,5,0,8
BRDA:62,5,1,0
BRDA:76,6,0,7
BRDA:77,7,0,2
BRDA:77,7,1,6
BRDA:77,8,0,8
BRDA:77,8,1,7
BRDA:84,9,0,1
BRDA:84,9,1,5
BRDA:102,10,0,2
BRDA:102,10,1,42
BRDA:107,11,0,27
BRDA:107,11,1,7
BRDA:107,11,2,7
BRDA:107,11,3,1
BRDA:126,12,0,21
BRDA:126,12,1,9
BRDA:133,13,0,0
BRDA:136,14,0,0
BRDA:136,14,1,0
BRDA:155,15,0,0
BRDA:155,15,1,0
BRDA:168,16,0,0
BRDA:168,16,1,0
BRDA:181,17,0,11
BRDA:181,17,1,0
BRDA:182,18,0,1
BRDA:182,18,1,10
BRDA:182,19,0,11
BRDA:182,19,1,10
BRDA:184,20,0,2
BRDA:184,20,1,7
BRDA:212,21,0,3
BRDA:212,21,1,4
BRDA:219,22,0,10
BRDA:219,22,1,11
BRDA:220,23,0,4
BRDA:220,23,1,6
BRDA:220,24,0,4
BRDA:220,24,1,2
BRDA:221,25,0,8
BRDA:221,25,1,2
BRDA:236,26,0,3
BRDA:236,26,1,36
BRDA:236,27,0,39
BRDA:236,27,1,36
BRDA:242,28,0,3
BRDA:242,28,1,33
BRDA:247,29,0,1
BRDA:247,29,1,32
BRDA:247,30,0,33
BRDA:247,30,1,33
BRDA:250,31,0,1
BRDA:250,31,1,31
BRDA:251,32,0,1
BRDA:251,32,1,30
BRDA:252,33,0,1
BRDA:252,33,1,29
BRDA:253,34,0,1
BRDA:253,34,1,28
BRDA:255,35,0,1
BRDA:255,35,1,27
BRDA:259,36,0,1
BRDA:259,36,1,26
BRDA:262,37,0,1
BRDA:262,37,1,25
BRDA:263,38,0,0
BRDA:263,38,1,25
BRDA:266,39,0,1
BRDA:266,39,1,49
BRDA:267,40,0,1
BRDA:267,40,1,48
BRDA:268,41,0,1
BRDA:268,41,1,47
BRDA:269,42,0,0
BRDA:269,42,1,47
BRDA:285,43,0,8
BRDA:285,43,1,14
BRDA:300,44,0,7
BRDA:300,44,1,1
BRDA:301,45,0,7
BRDA:301,45,1,6
BRDA:301,45,2,5
BRDA:312,46,0,6
BRDA:312,46,1,1
BRDA:313,47,0,6
BRDA:313,47,1,5
BRDA:332,48,0,1
BRDA:332,48,1,6
BRDA:333,49,0,3
BRDA:333,49,1,3
BRDA:333,50,0,6
BRDA:333,50,1,4
BRDA:346,51,0,0
BRDA:347,52,0,1
BRDA:347,52,1,2
BRDA:369,53,0,2
BRDA:369,53,1,7
BRDA:371,54,0,2
BRDA:371,54,1,5
BRDA:371,55,0,7
BRDA:371,55,1,6
BRDA:374,56,0,2
BRDA:374,56,1,3
BRF:114
BRH:99
end_of_record
TN:
SF:src/utils/renderer.utils.js
FN:6,nextSortDir
FN:15,nextSortField
FN:25,getSortFieldLabel
FN:36,getSortLines
FN:47,buildNavEvent
FNF:5
FNH:5
FNDA:6,nextSortDir
FNDA:4,nextSortField
FNDA:4,getSortFieldLabel
FNDA:10,getSortLines
FNDA:6,buildNavEvent
DA:7,6
DA:16,4
DA:26,4
DA:37,10
DA:48,6
LF:5
LH:5
BRDA:7,0,0,3
BRDA:7,0,1,3
BRDA:16,1,0,2
BRDA:16,1,1,2
BRDA:26,2,0,2
BRDA:26,2,1,2
BRDA:37,3,0,5
BRDA:37,3,1,5
BRF:8
BRH:8
end_of_record
